{
"contracts/NftMarketPlace.sol":{"l":{"53":12,"54":12,"56":0,"58":12,"62":17,"63":17,"64":17,"66":4,"69":13,"73":9,"74":9,"76":3,"78":6,"87":10,"89":0,"93":10,"94":10,"96":1,"99":9,"101":9,"110":3,"111":3,"113":1,"117":2,"118":2,"119":2,"121":2,"127":1,"128":1,"134":1,"137":1,"141":2,"142":2,"144":1,"146":1,"147":1,"148":1,"150":0,"157":1,"160":2},"path":"/home/vishnu/SmartContract/hardhat-nft-marketplace/contracts/NftMarketPlace.sol","s":{"1":12,"2":12,"3":17,"4":17,"5":17,"6":9,"7":9,"8":10,"9":10,"10":10,"11":9,"12":3,"13":3,"14":2,"15":2,"16":1,"17":1,"18":2,"19":2,"20":1,"21":1,"22":1,"23":2},"b":{"1":[0,12],"2":[4,13],"3":[3,6],"4":[12,0],"5":[10,2],"6":[0,10],"7":[1,9],"8":[3,1],"9":[1,2],"10":[2,1],"11":[1,1],"12":[2,1],"13":[1,1],"14":[1,1],"15":[0,1]},"f":{"1":12,"2":17,"3":9,"4":10,"5":3,"6":1,"7":1,"8":2,"9":1,"10":2},"fnMap":{"1":{"name":"notListed","line":52,"loc":{"start":{"line":52,"column":4},"end":{"line":60,"column":4}}},"2":{"name":"isOwner","line":61,"loc":{"start":{"line":61,"column":4},"end":{"line":70,"column":4}}},"3":{"name":"isListed","line":72,"loc":{"start":{"line":72,"column":4},"end":{"line":79,"column":4}}},"4":{"name":"listItem","line":86,"loc":{"start":{"line":84,"column":4},"end":{"line":103,"column":4}}},"5":{"name":"buyItem","line":109,"loc":{"start":{"line":107,"column":4},"end":{"line":122,"column":4}}},"6":{"name":"cancelListing","line":126,"loc":{"start":{"line":124,"column":4},"end":{"line":129,"column":4}}},"7":{"name":"updateListing","line":133,"loc":{"start":{"line":131,"column":4},"end":{"line":138,"column":4}}},"8":{"name":"withdrawProceeds","line":140,"loc":{"start":{"line":140,"column":4},"end":{"line":152,"column":4}}},"9":{"name":"getListing","line":156,"loc":{"start":{"line":156,"column":4},"end":{"line":158,"column":4}}},"10":{"name":"getProceeds","line":159,"loc":{"start":{"line":159,"column":4},"end":{"line":161,"column":4}}}},"statementMap":{"1":{"start":{"line":53,"column":8},"end":{"line":53,"column":63}},"2":{"start":{"line":54,"column":8},"end":{"line":54,"column":1795}},"3":{"start":{"line":62,"column":8},"end":{"line":62,"column":41}},"4":{"start":{"line":63,"column":8},"end":{"line":63,"column":44}},"5":{"start":{"line":64,"column":8},"end":{"line":64,"column":2103}},"6":{"start":{"line":73,"column":8},"end":{"line":73,"column":63}},"7":{"start":{"line":74,"column":8},"end":{"line":74,"column":2380}},"8":{"start":{"line":87,"column":8},"end":{"line":87,"column":2886}},"9":{"start":{"line":93,"column":8},"end":{"line":93,"column":41}},"10":{"start":{"line":94,"column":8},"end":{"line":94,"column":3164}},"11":{"start":{"line":101,"column":8},"end":{"line":101,"column":60}},"12":{"start":{"line":110,"column":8},"end":{"line":110,"column":66}},"13":{"start":{"line":111,"column":8},"end":{"line":111,"column":3798}},"14":{"start":{"line":119,"column":8},"end":{"line":119,"column":81}},"15":{"start":{"line":121,"column":8},"end":{"line":121,"column":71}},"16":{"start":{"line":128,"column":8},"end":{"line":128,"column":56}},"17":{"start":{"line":137,"column":8},"end":{"line":137,"column":63}},"18":{"start":{"line":141,"column":8},"end":{"line":141,"column":49}},"19":{"start":{"line":142,"column":8},"end":{"line":142,"column":5152}},"20":{"start":{"line":147,"column":8},"end":{"line":147,"column":70}},"21":{"start":{"line":148,"column":8},"end":{"line":148,"column":5355}},"22":{"start":{"line":157,"column":8},"end":{"line":157,"column":45}},"23":{"start":{"line":160,"column":8},"end":{"line":160,"column":33}}},"branchMap":{"1":{"line":54,"type":"if","locations":[{"start":{"line":54,"column":8},"end":{"line":54,"column":8}},{"start":{"line":54,"column":8},"end":{"line":54,"column":8}}]},"2":{"line":64,"type":"if","locations":[{"start":{"line":64,"column":8},"end":{"line":64,"column":8}},{"start":{"line":64,"column":8},"end":{"line":64,"column":8}}]},"3":{"line":74,"type":"if","locations":[{"start":{"line":74,"column":8},"end":{"line":74,"column":8}},{"start":{"line":74,"column":8},"end":{"line":74,"column":8}}]},"4":{"line":85,"type":"if","locations":[{"start":{"line":85,"column":13},"end":{"line":85,"column":13}},{"start":{"line":85,"column":13},"end":{"line":85,"column":13}}]},"5":{"line":86,"type":"if","locations":[{"start":{"line":86,"column":4},"end":{"line":86,"column":4}},{"start":{"line":86,"column":4},"end":{"line":86,"column":4}}]},"6":{"line":87,"type":"if","locations":[{"start":{"line":87,"column":8},"end":{"line":87,"column":8}},{"start":{"line":87,"column":8},"end":{"line":87,"column":8}}]},"7":{"line":94,"type":"if","locations":[{"start":{"line":94,"column":8},"end":{"line":94,"column":8}},{"start":{"line":94,"column":8},"end":{"line":94,"column":8}}]},"8":{"line":109,"type":"if","locations":[{"start":{"line":109,"column":4},"end":{"line":109,"column":4}},{"start":{"line":109,"column":4},"end":{"line":109,"column":4}}]},"9":{"line":111,"type":"if","locations":[{"start":{"line":111,"column":8},"end":{"line":111,"column":8}},{"start":{"line":111,"column":8},"end":{"line":111,"column":8}}]},"10":{"line":125,"type":"if","locations":[{"start":{"line":125,"column":13},"end":{"line":125,"column":13}},{"start":{"line":125,"column":13},"end":{"line":125,"column":13}}]},"11":{"line":126,"type":"if","locations":[{"start":{"line":126,"column":4},"end":{"line":126,"column":4}},{"start":{"line":126,"column":4},"end":{"line":126,"column":4}}]},"12":{"line":132,"type":"if","locations":[{"start":{"line":132,"column":13},"end":{"line":132,"column":13}},{"start":{"line":132,"column":13},"end":{"line":132,"column":13}}]},"13":{"line":133,"type":"if","locations":[{"start":{"line":133,"column":4},"end":{"line":133,"column":4}},{"start":{"line":133,"column":4},"end":{"line":133,"column":4}}]},"14":{"line":142,"type":"if","locations":[{"start":{"line":142,"column":8},"end":{"line":142,"column":8}},{"start":{"line":142,"column":8},"end":{"line":142,"column":8}}]},"15":{"line":148,"type":"if","locations":[{"start":{"line":148,"column":8},"end":{"line":148,"column":8}},{"start":{"line":148,"column":8},"end":{"line":148,"column":8}}]}}},
"contracts/test/BasicNft.sol":{"l":{"13":3,"17":16,"18":16,"19":16,"23":0,"24":0,"28":0},"path":"/home/vishnu/SmartContract/hardhat-nft-marketplace/contracts/test/BasicNft.sol","s":{"1":16,"2":16,"3":0,"4":0,"5":0},"b":{"1":[0,0]},"f":{"1":3,"2":16,"3":0,"4":0},"fnMap":{"1":{"name":"constructor","line":12,"loc":{"start":{"line":12,"column":4},"end":{"line":14,"column":4}}},"2":{"name":"mintNft","line":16,"loc":{"start":{"line":16,"column":4},"end":{"line":20,"column":4}}},"3":{"name":"tokenURI","line":22,"loc":{"start":{"line":22,"column":4},"end":{"line":25,"column":4}}},"4":{"name":"getTokenCounter","line":27,"loc":{"start":{"line":27,"column":4},"end":{"line":29,"column":4}}}},"statementMap":{"1":{"start":{"line":17,"column":8},"end":{"line":17,"column":44}},"2":{"start":{"line":18,"column":8},"end":{"line":18,"column":38}},"3":{"start":{"line":23,"column":8},"end":{"line":23,"column":83}},"4":{"start":{"line":24,"column":8},"end":{"line":24,"column":24}},"5":{"start":{"line":28,"column":8},"end":{"line":28,"column":29}}},"branchMap":{"1":{"line":23,"type":"if","locations":[{"start":{"line":23,"column":8},"end":{"line":23,"column":8}},{"start":{"line":23,"column":8},"end":{"line":23,"column":8}}]}}}}
