TN:
SF:/home/vishnu/SmartContract/hardhat-nft-marketplace/contracts/NftMarketPlace.sol
FN:52,notListed
FN:61,isOwner
FN:72,isListed
FN:86,listItem
FN:109,buyItem
FN:126,cancelListing
FN:133,updateListing
FN:140,withdrawProceeds
FN:156,getListing
FN:159,getProceeds
FNF:10
FNH:10
FNDA:12,notListed
FNDA:17,isOwner
FNDA:9,isListed
FNDA:10,listItem
FNDA:3,buyItem
FNDA:1,cancelListing
FNDA:1,updateListing
FNDA:2,withdrawProceeds
FNDA:1,getListing
FNDA:2,getProceeds
DA:53,12
DA:54,12
DA:56,0
DA:58,12
DA:62,17
DA:63,17
DA:64,17
DA:66,4
DA:69,13
DA:73,9
DA:74,9
DA:76,3
DA:78,6
DA:87,10
DA:89,0
DA:93,10
DA:94,10
DA:96,1
DA:99,9
DA:101,9
DA:110,3
DA:111,3
DA:113,1
DA:117,2
DA:118,2
DA:119,2
DA:121,2
DA:127,1
DA:128,1
DA:134,1
DA:137,1
DA:141,2
DA:142,2
DA:144,1
DA:146,1
DA:147,1
DA:148,1
DA:150,0
DA:157,1
DA:160,2
LF:40
LH:37
BRDA:54,1,0,0
BRDA:54,1,1,12
BRDA:64,2,0,4
BRDA:64,2,1,13
BRDA:74,3,0,3
BRDA:74,3,1,6
BRDA:85,4,0,12
BRDA:85,4,1,0
BRDA:86,5,0,10
BRDA:86,5,1,2
BRDA:87,6,0,0
BRDA:87,6,1,10
BRDA:94,7,0,1
BRDA:94,7,1,9
BRDA:109,8,0,3
BRDA:109,8,1,1
BRDA:111,9,0,1
BRDA:111,9,1,2
BRDA:125,10,0,2
BRDA:125,10,1,1
BRDA:126,11,0,1
BRDA:126,11,1,1
BRDA:132,12,0,2
BRDA:132,12,1,1
BRDA:133,13,0,1
BRDA:133,13,1,1
BRDA:142,14,0,1
BRDA:142,14,1,1
BRDA:148,15,0,0
BRDA:148,15,1,1
BRF:30
BRH:26
end_of_record
TN:
SF:/home/vishnu/SmartContract/hardhat-nft-marketplace/contracts/test/BasicNft.sol
FN:12,constructor
FN:16,mintNft
FN:22,tokenURI
FN:27,getTokenCounter
FNF:4
FNH:2
FNDA:3,constructor
FNDA:16,mintNft
FNDA:0,tokenURI
FNDA:0,getTokenCounter
DA:13,3
DA:17,16
DA:18,16
DA:19,16
DA:23,0
DA:24,0
DA:28,0
LF:7
LH:4
BRDA:23,1,0,0
BRDA:23,1,1,0
BRF:2
BRH:0
end_of_record
